c:\users\zcv0lhb\documents\visual studio 2015\opl\daicy_c++\daicey\daicey\debug\vc140.pdb
c:\users\zcv0lhb\documents\visual studio 2015\opl\daicy_c++\daicey\daicey\debug\vc140.idb
c:\users\zcv0lhb\documents\visual studio 2015\opl\daicy_c++\daicey\daicey\debug\board.obj
c:\users\zcv0lhb\documents\visual studio 2015\opl\daicy_c++\daicey\daicey\debug\boardview.obj
c:\users\zcv0lhb\documents\visual studio 2015\opl\daicy_c++\daicey\daicey\debug\computer.obj
c:\users\zcv0lhb\documents\visual studio 2015\opl\daicy_c++\daicey\daicey\debug\dice.obj
c:\users\zcv0lhb\documents\visual studio 2015\opl\daicy_c++\daicey\daicey\debug\game.obj
c:\users\zcv0lhb\documents\visual studio 2015\opl\daicy_c++\daicey\daicey\debug\human.obj
c:\users\zcv0lhb\documents\visual studio 2015\opl\daicy_c++\daicey\daicey\debug\main.obj
c:\users\zcv0lhb\documents\visual studio 2015\opl\daicy_c++\daicey\daicey\debug\notifications.obj
c:\users\zcv0lhb\documents\visual studio 2015\opl\daicy_c++\daicey\daicey\debug\player.obj
c:\users\zcv0lhb\documents\visual studio 2015\opl\daicy_c++\daicey\daicey\debug\serializer.obj
c:\users\zcv0lhb\documents\visual studio 2015\opl\daicy_c++\daicey\daicey\debug\square.obj
c:\users\zcv0lhb\documents\visual studio 2015\opl\daicy_c++\daicey\daicey\debug\stdafx.obj
c:\users\zcv0lhb\documents\visual studio 2015\opl\daicy_c++\daicey\daicey\debug\tournament.obj
c:\users\zcv0lhb\documents\visual studio 2015\opl\daicy_c++\daicey\daicey\debug\daicey.pdb
c:\users\zcv0lhb\documents\visual studio 2015\opl\daicy_c++\daicey\daicey\debug\daicey.tlog\cl.command.1.tlog
c:\users\zcv0lhb\documents\visual studio 2015\opl\daicy_c++\daicey\daicey\debug\daicey.tlog\cl.read.1.tlog
c:\users\zcv0lhb\documents\visual studio 2015\opl\daicy_c++\daicey\daicey\debug\daicey.tlog\cl.write.1.tlog
c:\users\zcv0lhb\documents\visual studio 2015\opl\daicy_c++\daicey\daicey\debug\daicey.tlog\link-cvtres.read.1.tlog
c:\users\zcv0lhb\documents\visual studio 2015\opl\daicy_c++\daicey\daicey\debug\daicey.tlog\link-cvtres.write.1.tlog
c:\users\zcv0lhb\documents\visual studio 2015\opl\daicy_c++\daicey\daicey\debug\daicey.tlog\link-rc.read.1.tlog
c:\users\zcv0lhb\documents\visual studio 2015\opl\daicy_c++\daicey\daicey\debug\daicey.tlog\link-rc.write.1.tlog
c:\users\zcv0lhb\documents\visual studio 2015\opl\daicy_c++\daicey\daicey\debug\daicey.tlog\link.command.1.tlog
c:\users\zcv0lhb\documents\visual studio 2015\opl\daicy_c++\daicey\daicey\debug\daicey.tlog\link.read.1.tlog
c:\users\zcv0lhb\documents\visual studio 2015\opl\daicy_c++\daicey\daicey\debug\daicey.tlog\link.write.1.tlog
